<?xml version="1.0" encoding="UTF-8"?>
<robot generator="Robot 3.2.1 (Python 3.7.3 on win32)" generated="20200727 11:36:16.375" rpa="false">
<suite id="s1" name="Tests" source="C:\Projetos\SuiteSiteTeste\tests">
<suite id="s1-s1" name="TestSiteAppleBDD" source="C:\Projetos\SuiteSiteTeste\tests\TestSiteAppleBDD.robot">
<test id="s1-s1-t1" name="Cenário: Pesquisar produto existente">
<kw name="Abrir navegador" library="Resource" type="setup">
<kw name="Open Browser" library="SeleniumLibrary">
<doc>Opens a new browser instance to the optional ``url``.</doc>
<arguments>
<arg>https://www.apple.com/br/shop</arg>
<arg>${BROWSER}</arg>
</arguments>
<msg timestamp="20200727 11:36:16.824" level="INFO">Opening browser 'chrome' to base url 'https://www.apple.com/br/shop'.</msg>
<kw name="Capture Page Screenshot" library="SeleniumLibrary">
<doc>Takes a screenshot of the current page and embeds it into a log file.</doc>
<msg timestamp="20200727 11:37:16.955" level="INFO">Cannot capture screenshot because no browser is open.</msg>
<status status="PASS" starttime="20200727 11:37:16.955" endtime="20200727 11:37:16.956"></status>
</kw>
<msg timestamp="20200727 11:37:16.960" level="FAIL">SessionNotCreatedException: Message: session not created
from disconnected: unable to connect to renderer
  (Session info: chrome=84.0.4147.89)
</msg>
<status status="FAIL" starttime="20200727 11:36:16.824" endtime="20200727 11:37:16.960"></status>
</kw>
<status status="FAIL" starttime="20200727 11:36:16.823" endtime="20200727 11:37:16.960"></status>
</kw>
<status status="FAIL" starttime="20200727 11:36:16.821" endtime="20200727 11:37:16.961" critical="yes">Setup failed:
SessionNotCreatedException: Message: session not created
from disconnected: unable to connect to renderer
  (Session info: chrome=84.0.4147.89)
</status>
</test>
<status status="FAIL" starttime="20200727 11:36:16.442" endtime="20200727 11:37:16.964"></status>
</suite>
<status status="FAIL" starttime="20200727 11:36:16.380" endtime="20200727 11:37:16.971"></status>
</suite>
<statistics>
<total>
<stat pass="0" fail="1">Critical Tests</stat>
<stat pass="0" fail="1">All Tests</stat>
</total>
<tag>
</tag>
<suite>
<stat pass="0" fail="1" id="s1" name="Tests">Tests</stat>
<stat pass="0" fail="1" id="s1-s1" name="TestSiteAppleBDD">Tests.TestSiteAppleBDD</stat>
</suite>
</statistics>
<errors>
</errors>
</robot>
